TN:
SF:server/server.js
FN:26,(anonymous_0)
FN:36,(anonymous_1)
FN:46,generateRoomCode
FN:54,(anonymous_3)
FN:59,cleanupRoom
FN:67,logAction
FN:90,isDuplicateAction
FN:92,(anonymous_7)
FN:95,(anonymous_8)
FN:99,(anonymous_9)
FN:100,(anonymous_10)
FN:114,(anonymous_11)
FN:170,(anonymous_12)
FN:176,(anonymous_13)
FN:191,(anonymous_14)
FN:197,(anonymous_15)
FN:228,(anonymous_16)
FN:235,(anonymous_17)
FN:265,(anonymous_18)
FN:299,(anonymous_19)
FN:315,(anonymous_20)
FN:456,(anonymous_21)
FN:511,(anonymous_22)
FN:561,(anonymous_23)
FN:566,(anonymous_24)
FN:576,(anonymous_25)
FN:611,(anonymous_26)
FN:616,(anonymous_27)
FN:633,(anonymous_28)
FN:637,(anonymous_29)
FN:644,(anonymous_30)
FN:658,(anonymous_31)
FNF:32
FNH:1
FNDA:0,(anonymous_0)
FNDA:0,(anonymous_1)
FNDA:0,generateRoomCode
FNDA:0,(anonymous_3)
FNDA:0,cleanupRoom
FNDA:0,logAction
FNDA:0,isDuplicateAction
FNDA:0,(anonymous_7)
FNDA:0,(anonymous_8)
FNDA:0,(anonymous_9)
FNDA:0,(anonymous_10)
FNDA:0,(anonymous_11)
FNDA:0,(anonymous_12)
FNDA:0,(anonymous_13)
FNDA:0,(anonymous_14)
FNDA:0,(anonymous_15)
FNDA:0,(anonymous_16)
FNDA:0,(anonymous_17)
FNDA:0,(anonymous_18)
FNDA:0,(anonymous_19)
FNDA:0,(anonymous_20)
FNDA:0,(anonymous_21)
FNDA:0,(anonymous_22)
FNDA:0,(anonymous_23)
FNDA:0,(anonymous_24)
FNDA:0,(anonymous_25)
FNDA:0,(anonymous_26)
FNDA:0,(anonymous_27)
FNDA:0,(anonymous_28)
FNDA:0,(anonymous_29)
FNDA:0,(anonymous_30)
FNDA:1,(anonymous_31)
DA:1,1
DA:2,1
DA:3,1
DA:4,1
DA:6,1
DA:7,1
DA:10,1
DA:22,1
DA:23,1
DA:26,1
DA:27,0
DA:36,1
DA:37,0
DA:41,1
DA:42,1
DA:43,1
DA:47,0
DA:48,0
DA:49,0
DA:50,0
DA:51,0
DA:52,0
DA:54,0
DA:55,0
DA:60,0
DA:61,0
DA:62,0
DA:68,0
DA:69,0
DA:72,0
DA:79,0
DA:82,0
DA:83,0
DA:86,0
DA:91,0
DA:92,0
DA:95,1
DA:96,0
DA:99,0
DA:100,0
DA:110,0
DA:114,0
DA:125,0
DA:127,0
DA:128,0
DA:130,0
DA:155,0
DA:156,0
DA:158,0
DA:160,0
DA:163,0
DA:166,0
DA:170,0
DA:171,0
DA:174,0
DA:175,0
DA:176,0
DA:179,0
DA:180,0
DA:181,0
DA:185,0
DA:186,0
DA:187,0
DA:191,0
DA:192,0
DA:193,0
DA:197,0
DA:198,0
DA:199,0
DA:203,0
DA:209,0
DA:210,0
DA:211,0
DA:213,0
DA:215,0
DA:218,0
DA:221,0
DA:224,0
DA:228,0
DA:229,0
DA:230,0
DA:232,0
DA:235,0
DA:236,0
DA:238,0
DA:239,0
DA:240,0
DA:242,0
DA:243,0
DA:245,0
DA:248,0
DA:249,0
DA:252,0
DA:253,0
DA:257,0
DA:261,0
DA:265,0
DA:266,0
DA:267,0
DA:269,0
DA:270,0
DA:271,0
DA:275,0
DA:276,0
DA:277,0
DA:278,0
DA:282,0
DA:284,0
DA:285,0
DA:288,0
DA:289,0
DA:290,0
DA:292,0
DA:293,0
DA:296,0
DA:297,0
DA:298,0
DA:299,0
DA:302,0
DA:303,0
DA:305,0
DA:312,0
DA:315,0
DA:317,0
DA:318,0
DA:319,0
DA:320,0
DA:324,0
DA:325,0
DA:326,0
DA:330,0
DA:331,0
DA:336,0
DA:337,0
DA:340,0
DA:341,0
DA:342,0
DA:344,0
DA:345,0
DA:351,0
DA:352,0
DA:355,0
DA:356,0
DA:357,0
DA:358,0
DA:359,0
DA:360,0
DA:362,0
DA:364,0
DA:365,0
DA:366,0
DA:367,0
DA:369,0
DA:370,0
DA:371,0
DA:373,0
DA:374,0
DA:376,0
DA:379,0
DA:383,0
DA:385,0
DA:387,0
DA:388,0
DA:389,0
DA:390,0
DA:391,0
DA:392,0
DA:394,0
DA:395,0
DA:396,0
DA:397,0
DA:398,0
DA:399,0
DA:400,0
DA:401,0
DA:403,0
DA:404,0
DA:406,0
DA:409,0
DA:413,0
DA:416,0
DA:418,0
DA:419,0
DA:421,0
DA:422,0
DA:424,0
DA:425,0
DA:426,0
DA:427,0
DA:428,0
DA:431,0
DA:434,0
DA:436,0
DA:437,0
DA:438,0
DA:439,0
DA:440,0
DA:441,0
DA:443,0
DA:444,0
DA:446,0
DA:449,0
DA:450,0
DA:452,0
DA:453,0
DA:454,0
DA:455,0
DA:456,0
DA:458,0
DA:459,0
DA:460,0
DA:461,0
DA:462,0
DA:467,0
DA:468,0
DA:469,0
DA:470,0
DA:471,0
DA:477,0
DA:481,0
DA:482,0
DA:486,0
DA:487,0
DA:492,0
DA:501,0
DA:504,0
DA:507,0
DA:511,0
DA:512,0
DA:513,0
DA:515,0
DA:516,0
DA:517,0
DA:521,0
DA:522,0
DA:523,0
DA:527,0
DA:528,0
DA:529,0
DA:530,0
DA:534,0
DA:535,0
DA:536,0
DA:540,0
DA:541,0
DA:542,0
DA:545,0
DA:546,0
DA:548,0
DA:551,0
DA:557,0
DA:561,0
DA:562,0
DA:566,0
DA:567,0
DA:569,0
DA:570,0
DA:571,0
DA:572,0
DA:574,0
DA:576,0
DA:577,0
DA:578,0
DA:579,0
DA:580,0
DA:582,0
DA:585,0
DA:586,0
DA:589,0
DA:590,0
DA:594,0
DA:598,0
DA:602,0
DA:607,0
DA:608,0
DA:611,0
DA:612,0
DA:613,0
DA:615,0
DA:616,0
DA:617,0
DA:618,0
DA:620,0
DA:621,0
DA:624,0
DA:625,0
DA:632,1
DA:634,0
DA:635,0
DA:637,0
DA:639,0
DA:640,0
DA:644,0
DA:645,0
DA:646,0
DA:649,0
DA:650,0
DA:657,1
DA:658,1
DA:659,1
DA:660,1
DA:661,1
DA:665,1
DA:666,1
LF:304
LH:23
BRDA:12,0,0,1
BRDA:12,0,1,1
BRDA:60,1,0,0
BRDA:60,1,1,0
BRDA:60,2,0,0
BRDA:60,2,1,0
BRDA:68,3,0,0
BRDA:68,3,1,0
BRDA:82,4,0,0
BRDA:82,4,1,0
BRDA:91,5,0,0
BRDA:91,5,1,0
BRDA:108,6,0,0
BRDA:108,6,1,0
BRDA:144,7,0,0
BRDA:144,7,1,0
BRDA:145,8,0,0
BRDA:145,8,1,0
BRDA:146,9,0,0
BRDA:146,9,1,0
BRDA:147,10,0,0
BRDA:147,10,1,0
BRDA:148,11,0,0
BRDA:148,11,1,0
BRDA:175,12,0,0
BRDA:175,12,1,0
BRDA:175,13,0,0
BRDA:175,13,1,0
BRDA:179,14,0,0
BRDA:179,14,1,0
BRDA:185,15,0,0
BRDA:185,15,1,0
BRDA:191,16,0,0
BRDA:191,16,1,0
BRDA:197,17,0,0
BRDA:197,17,1,0
BRDA:232,18,0,0
BRDA:232,18,1,0
BRDA:236,19,0,0
BRDA:236,19,1,0
BRDA:248,20,0,0
BRDA:248,20,1,0
BRDA:252,21,0,0
BRDA:252,21,1,0
BRDA:269,22,0,0
BRDA:269,22,1,0
BRDA:275,23,0,0
BRDA:275,23,1,0
BRDA:275,24,0,0
BRDA:275,24,1,0
BRDA:288,25,0,0
BRDA:288,25,1,0
BRDA:289,26,0,0
BRDA:289,26,1,0
BRDA:292,27,0,0
BRDA:292,27,1,0
BRDA:292,28,0,0
BRDA:292,28,1,0
BRDA:292,28,2,0
BRDA:298,29,0,0
BRDA:298,29,1,0
BRDA:302,30,0,0
BRDA:302,30,1,0
BRDA:317,31,0,0
BRDA:317,31,1,0
BRDA:330,32,0,0
BRDA:330,32,1,0
BRDA:336,33,0,0
BRDA:336,33,1,0
BRDA:340,34,0,0
BRDA:340,34,1,0
BRDA:340,35,0,0
BRDA:340,35,1,0
BRDA:341,36,0,0
BRDA:341,36,1,0
BRDA:352,37,0,0
BRDA:352,37,1,0
BRDA:355,38,0,0
BRDA:355,38,1,0
BRDA:359,39,0,0
BRDA:359,39,1,0
BRDA:365,40,0,0
BRDA:365,40,1,0
BRDA:373,41,0,0
BRDA:373,41,1,0
BRDA:385,42,0,0
BRDA:385,42,1,0
BRDA:387,43,0,0
BRDA:387,43,1,0
BRDA:391,44,0,0
BRDA:391,44,1,0
BRDA:396,45,0,0
BRDA:396,45,1,0
BRDA:403,46,0,0
BRDA:403,46,1,0
BRDA:416,47,0,0
BRDA:416,47,1,0
BRDA:418,48,0,0
BRDA:418,48,1,0
BRDA:421,49,0,0
BRDA:421,49,1,0
BRDA:424,50,0,0
BRDA:424,50,1,0
BRDA:427,51,0,0
BRDA:427,51,1,0
BRDA:428,52,0,0
BRDA:428,52,1,0
BRDA:434,53,0,0
BRDA:434,53,1,0
BRDA:437,54,0,0
BRDA:437,54,1,0
BRDA:439,55,0,0
BRDA:439,55,1,0
BRDA:453,56,0,0
BRDA:453,56,1,0
BRDA:453,57,0,0
BRDA:453,57,1,0
BRDA:453,57,2,0
BRDA:458,58,0,0
BRDA:458,58,1,0
BRDA:459,59,0,0
BRDA:459,59,1,0
BRDA:467,60,0,0
BRDA:467,60,1,0
BRDA:467,61,0,0
BRDA:467,61,1,0
BRDA:468,62,0,0
BRDA:468,62,1,0
BRDA:470,63,0,0
BRDA:470,63,1,0
BRDA:470,64,0,0
BRDA:470,64,1,0
BRDA:482,65,0,0
BRDA:482,65,1,0
BRDA:515,66,0,0
BRDA:515,66,1,0
BRDA:521,67,0,0
BRDA:521,67,1,0
BRDA:528,68,0,0
BRDA:528,68,1,0
BRDA:528,69,0,0
BRDA:528,69,1,0
BRDA:534,70,0,0
BRDA:534,70,1,0
BRDA:540,71,0,0
BRDA:540,71,1,0
BRDA:570,72,0,0
BRDA:570,72,1,0
BRDA:574,73,0,0
BRDA:574,73,1,0
BRDA:577,74,0,0
BRDA:577,74,1,0
BRDA:585,75,0,0
BRDA:585,75,1,0
BRDA:589,76,0,0
BRDA:589,76,1,0
BRDA:615,77,0,0
BRDA:615,77,1,0
BRDA:615,78,0,0
BRDA:615,78,1,0
BRDA:616,79,0,0
BRDA:616,79,1,0
BRDA:616,80,0,0
BRDA:616,80,1,0
BRDA:639,81,0,0
BRDA:639,81,1,0
BRDA:639,82,0,0
BRDA:639,82,1,0
BRDA:649,83,0,0
BRDA:649,83,1,0
BRDA:657,84,0,1
BRDA:657,84,1,1
BRDA:661,85,0,1
BRDA:661,85,1,0
BRDA:665,86,0,1
BRDA:665,86,1,0
BRF:176
BRH:6
end_of_record
